<?xml version="1.0" encoding="UTF-8"?>
<testsuites name="jest tests" tests="12" failures="0" errors="0" time="6.989">
  <testsuite name="JosePrivateFDC3Security" errors="0" failures="0" skipped="0" timestamp="2026-02-18T14:04:30" time="6.94" tests="12">
    <testcase classname="JosePrivateFDC3Security constructor should create instance with valid parameters" name="JosePrivateFDC3Security constructor should create instance with valid parameters" time="0.001">
    </testcase>
    <testcase classname="JosePrivateFDC3Security constructor should throw error when signing public key has no kid" name="JosePrivateFDC3Security constructor should throw error when signing public key has no kid" time="0.011">
    </testcase>
    <testcase classname="JosePrivateFDC3Security constructor should throw error when wrapping public key has no kid" name="JosePrivateFDC3Security constructor should throw error when wrapping public key has no kid" time="0.001">
    </testcase>
    <testcase classname="JosePrivateFDC3Security integration should sign and then check a context using two instances" name="JosePrivateFDC3Security integration should sign and then check a context using two instances" time="0.019">
    </testcase>
    <testcase classname="JosePrivateFDC3Security integration should encrypt and then decrypt a context using a symmetric key" name="JosePrivateFDC3Security integration should encrypt and then decrypt a context using a symmetric key" time="0.002">
    </testcase>
    <testcase classname="JosePrivateFDC3Security integration should encrypt and then decrypt a context using a public/private key pair between two instances" name="JosePrivateFDC3Security integration should encrypt and then decrypt a context using a public/private key pair between two instances" time="0.002">
    </testcase>
    <testcase classname="JosePrivateFDC3Security integration should wrap and then unwrap a symmetric key using two instances" name="JosePrivateFDC3Security integration should wrap and then unwrap a symmetric key using two instances" time="0.001">
    </testcase>
    <testcase classname="JosePrivateFDC3Security integration should handle malformed signatures gracefully" name="JosePrivateFDC3Security integration should handle malformed signatures gracefully" time="0">
    </testcase>
    <testcase classname="JosePrivateFDC3Security integration should reject stale signatures (signature freshness)" name="JosePrivateFDC3Security integration should reject stale signatures (signature freshness)" time="2.003">
    </testcase>
    <testcase classname="JosePrivateFDC3Security integration should reject expired contexts (context validity)" name="JosePrivateFDC3Security integration should reject expired contexts (context validity)" time="2.031">
    </testcase>
    <testcase classname="JosePrivateFDC3Security integration should reject signatures with header missing required fields" name="JosePrivateFDC3Security integration should reject signatures with header missing required fields" time="0.001">
    </testcase>
    <testcase classname="JosePrivateFDC3Security integration should create and verify a JWT token" name="JosePrivateFDC3Security integration should create and verify a JWT token" time="0.005">
    </testcase>
  </testsuite>
</testsuites>