{"/home/matt/dev/fdc3/fdc3/src/index.ts": {"path":"/home/matt/dev/fdc3/fdc3/src/index.ts","statementMap":{"0":{"start":{"line":8,"column":0},"end":{"line":8,"column":32}},"1":{"start":{"line":9,"column":0},"end":{"line":9,"column":34}},"2":{"start":{"line":10,"column":0},"end":{"line":10,"column":30}},"3":{"start":{"line":11,"column":0},"end":{"line":11,"column":37}},"4":{"start":{"line":12,"column":0},"end":{"line":12,"column":35}},"5":{"start":{"line":13,"column":0},"end":{"line":13,"column":38}},"6":{"start":{"line":14,"column":0},"end":{"line":14,"column":29}},"7":{"start":{"line":15,"column":0},"end":{"line":15,"column":37}},"8":{"start":{"line":16,"column":0},"end":{"line":16,"column":39}},"9":{"start":{"line":17,"column":0},"end":{"line":17,"column":31}},"10":{"start":{"line":18,"column":0},"end":{"line":18,"column":38}},"11":{"start":{"line":19,"column":0},"end":{"line":19,"column":39}},"12":{"start":{"line":20,"column":0},"end":{"line":20,"column":34}},"13":{"start":{"line":21,"column":0},"end":{"line":21,"column":26}}},"fnMap":{},"branchMap":{},"s":{"0":2,"1":2,"2":2,"3":2,"4":2,"5":2,"6":2,"7":2,"8":2,"9":2,"10":2,"11":2,"12":2,"13":2},"f":{},"b":{}}
,"/home/matt/dev/fdc3/fdc3/src/methods.ts": {"path":"/home/matt/dev/fdc3/fdc3/src/methods.ts","statementMap":{"0":{"start":{"line":10,"column":13},"end":{"line":15,"column":2}},"1":{"start":{"line":14,"column":2},"end":{"line":14,"column":41}},"2":{"start":{"line":17,"column":13},"end":{"line":22,"column":2}},"3":{"start":{"line":21,"column":2},"end":{"line":21,"column":49}},"4":{"start":{"line":24,"column":13},"end":{"line":28,"column":2}},"5":{"start":{"line":27,"column":2},"end":{"line":27,"column":51}},"6":{"start":{"line":30,"column":13},"end":{"line":32,"column":2}},"7":{"start":{"line":31,"column":2},"end":{"line":31,"column":33}},"8":{"start":{"line":34,"column":13},"end":{"line":40,"column":2}},"9":{"start":{"line":39,"column":2},"end":{"line":39,"column":58}},"10":{"start":{"line":42,"column":13},"end":{"line":47,"column":2}},"11":{"start":{"line":46,"column":2},"end":{"line":46,"column":56}},"12":{"start":{"line":49,"column":13},"end":{"line":58,"column":2}},"13":{"start":{"line":53,"column":2},"end":{"line":57,"column":null}},"14":{"start":{"line":54,"column":4},"end":{"line":54,"column":76}},"15":{"start":{"line":56,"column":4},"end":{"line":56,"column":63}},"16":{"start":{"line":60,"column":13},"end":{"line":62,"column":2}},"17":{"start":{"line":61,"column":2},"end":{"line":61,"column":41}},"18":{"start":{"line":64,"column":13},"end":{"line":66,"column":2}},"19":{"start":{"line":65,"column":2},"end":{"line":65,"column":44}},"20":{"start":{"line":68,"column":13},"end":{"line":72,"column":2}},"21":{"start":{"line":71,"column":2},"end":{"line":71,"column":51}},"22":{"start":{"line":74,"column":13},"end":{"line":76,"column":2}},"23":{"start":{"line":75,"column":2},"end":{"line":75,"column":41}}},"fnMap":{"0":{"name":"(anonymous_0)","decl":{"start":{"line":10,"column":72},"end":{"line":10,"column":null}},"loc":{"start":{"line":12,"column":9},"end":{"line":15,"column":1}}},"1":{"name":"(anonymous_1)","decl":{"start":{"line":20,"column":26},"end":{"line":20,"column":27}},"loc":{"start":{"line":20,"column":42},"end":{"line":22,"column":1}}},"2":{"name":"(anonymous_2)","decl":{"start":{"line":26,"column":33},"end":{"line":26,"column":40}},"loc":{"start":{"line":26,"column":40},"end":{"line":28,"column":1}}},"3":{"name":"(anonymous_3)","decl":{"start":{"line":30,"column":53},"end":{"line":30,"column":60}},"loc":{"start":{"line":30,"column":60},"end":{"line":32,"column":1}}},"4":{"name":"(anonymous_4)","decl":{"start":{"line":38,"column":33},"end":{"line":38,"column":34}},"loc":{"start":{"line":38,"column":57},"end":{"line":40,"column":1}}},"5":{"name":"(anonymous_5)","decl":{"start":{"line":45,"column":16},"end":{"line":45,"column":17}},"loc":{"start":{"line":45,"column":32},"end":{"line":47,"column":1}}},"6":{"name":"(anonymous_6)","decl":{"start":{"line":52,"column":16},"end":{"line":52,"column":17}},"loc":{"start":{"line":52,"column":21},"end":{"line":58,"column":1}}},"7":{"name":"(anonymous_7)","decl":{"start":{"line":60,"column":64},"end":{"line":60,"column":null}},"loc":{"start":{"line":60,"column":64},"end":{"line":62,"column":1}}},"8":{"name":"(anonymous_8)","decl":{"start":{"line":64,"column":65},"end":{"line":64,"column":74}},"loc":{"start":{"line":64,"column":74},"end":{"line":66,"column":1}}},"9":{"name":"(anonymous_9)","decl":{"start":{"line":70,"column":24},"end":{"line":70,"column":33}},"loc":{"start":{"line":70,"column":33},"end":{"line":72,"column":1}}},"10":{"name":"(anonymous_10)","decl":{"start":{"line":74,"column":57},"end":{"line":74,"column":null}},"loc":{"start":{"line":74,"column":57},"end":{"line":76,"column":1}}}},"branchMap":{"0":{"loc":{"start":{"line":53,"column":2},"end":{"line":57,"column":null}},"type":"if","locations":[{"start":{"line":53,"column":2},"end":{"line":57,"column":null}},{"start":{"line":53,"column":2},"end":{"line":57,"column":null}}]}},"s":{"0":2,"1":1,"2":2,"3":1,"4":2,"5":1,"6":2,"7":1,"8":2,"9":1,"10":2,"11":1,"12":2,"13":2,"14":1,"15":1,"16":2,"17":1,"18":2,"19":1,"20":2,"21":1,"22":2,"23":1},"f":{"0":1,"1":1,"2":1,"3":1,"4":1,"5":1,"6":2,"7":1,"8":1,"9":1,"10":1},"b":{"0":[1,1]}}
,"/home/matt/dev/fdc3/fdc3/src/api/Errors.ts": {"path":"/home/matt/dev/fdc3/fdc3/src/api/Errors.ts","statementMap":{"0":{"start":{"line":6,"column":0},"end":{"line":6,"column":null}},"1":{"start":{"line":7,"column":2},"end":{"line":7,"column":null}},"2":{"start":{"line":8,"column":2},"end":{"line":8,"column":null}},"3":{"start":{"line":9,"column":2},"end":{"line":9,"column":null}},"4":{"start":{"line":10,"column":2},"end":{"line":10,"column":null}},"5":{"start":{"line":13,"column":0},"end":{"line":13,"column":null}},"6":{"start":{"line":14,"column":2},"end":{"line":14,"column":null}},"7":{"start":{"line":15,"column":2},"end":{"line":15,"column":null}},"8":{"start":{"line":16,"column":2},"end":{"line":16,"column":null}},"9":{"start":{"line":19,"column":0},"end":{"line":19,"column":null}},"10":{"start":{"line":20,"column":2},"end":{"line":20,"column":null}},"11":{"start":{"line":21,"column":2},"end":{"line":21,"column":null}},"12":{"start":{"line":22,"column":2},"end":{"line":22,"column":null}}},"fnMap":{"0":{"name":"(anonymous_0)","decl":{"start":{"line":6,"column":0},"end":{"line":6,"column":12}},"loc":{"start":{"line":6,"column":21},"end":{"line":11,"column":1}}},"1":{"name":"(anonymous_1)","decl":{"start":{"line":13,"column":0},"end":{"line":13,"column":12}},"loc":{"start":{"line":13,"column":24},"end":{"line":17,"column":1}}},"2":{"name":"(anonymous_2)","decl":{"start":{"line":19,"column":0},"end":{"line":19,"column":12}},"loc":{"start":{"line":19,"column":24},"end":{"line":23,"column":1}}}},"branchMap":{"0":{"loc":{"start":{"line":6,"column":12},"end":{"line":6,"column":21}},"type":"binary-expr","locations":[{"start":{"line":6,"column":12},"end":{"line":6,"column":21}},{"start":{"line":6,"column":12},"end":{"line":6,"column":null}}]},"1":{"loc":{"start":{"line":13,"column":12},"end":{"line":13,"column":24}},"type":"binary-expr","locations":[{"start":{"line":13,"column":12},"end":{"line":13,"column":24}},{"start":{"line":13,"column":12},"end":{"line":13,"column":null}}]},"2":{"loc":{"start":{"line":19,"column":12},"end":{"line":19,"column":24}},"type":"binary-expr","locations":[{"start":{"line":19,"column":12},"end":{"line":19,"column":24}},{"start":{"line":19,"column":12},"end":{"line":19,"column":null}}]}},"s":{"0":2,"1":2,"2":2,"3":2,"4":2,"5":2,"6":2,"7":2,"8":2,"9":2,"10":2,"11":2,"12":2},"f":{"0":2,"1":2,"2":2},"b":{"0":[2,2],"1":[2,2],"2":[2,2]}}
,"/home/matt/dev/fdc3/fdc3/src/context/ContextType.ts": {"path":"/home/matt/dev/fdc3/fdc3/src/context/ContextType.ts","statementMap":{"0":{"start":{"line":1,"column":0},"end":{"line":1,"column":null}},"1":{"start":{"line":2,"column":2},"end":{"line":2,"column":null}},"2":{"start":{"line":3,"column":2},"end":{"line":3,"column":null}},"3":{"start":{"line":4,"column":2},"end":{"line":4,"column":null}},"4":{"start":{"line":5,"column":2},"end":{"line":5,"column":null}},"5":{"start":{"line":6,"column":2},"end":{"line":6,"column":null}},"6":{"start":{"line":7,"column":2},"end":{"line":7,"column":null}},"7":{"start":{"line":8,"column":2},"end":{"line":8,"column":null}}},"fnMap":{"0":{"name":"(anonymous_0)","decl":{"start":{"line":1,"column":0},"end":{"line":1,"column":12}},"loc":{"start":{"line":1,"column":24},"end":{"line":9,"column":1}}}},"branchMap":{"0":{"loc":{"start":{"line":1,"column":12},"end":{"line":1,"column":24}},"type":"binary-expr","locations":[{"start":{"line":1,"column":12},"end":{"line":1,"column":24}},{"start":{"line":1,"column":12},"end":{"line":1,"column":null}}]}},"s":{"0":2,"1":2,"2":2,"3":2,"4":2,"5":2,"6":2,"7":2},"f":{"0":2},"b":{"0":[2,2]}}
,"/home/matt/dev/fdc3/fdc3/src/context/ContextTypes.ts": {"path":"/home/matt/dev/fdc3/fdc3/src/context/ContextTypes.ts","statementMap":{"0":{"start":{"line":107,"column":0},"end":{"line":107,"column":13}},"1":{"start":{"line":108,"column":16},"end":{"line":110,"column":null}},"2":{"start":{"line":109,"column":4},"end":{"line":109,"column":48}},"3":{"start":{"line":112,"column":16},"end":{"line":114,"column":null}},"4":{"start":{"line":113,"column":4},"end":{"line":113,"column":64}},"5":{"start":{"line":116,"column":16},"end":{"line":118,"column":null}},"6":{"start":{"line":117,"column":4},"end":{"line":117,"column":48}},"7":{"start":{"line":120,"column":16},"end":{"line":122,"column":null}},"8":{"start":{"line":121,"column":4},"end":{"line":121,"column":64}},"9":{"start":{"line":124,"column":16},"end":{"line":126,"column":null}},"10":{"start":{"line":125,"column":4},"end":{"line":125,"column":52}},"11":{"start":{"line":128,"column":16},"end":{"line":130,"column":null}},"12":{"start":{"line":129,"column":4},"end":{"line":129,"column":68}},"13":{"start":{"line":132,"column":16},"end":{"line":134,"column":null}},"14":{"start":{"line":133,"column":4},"end":{"line":133,"column":51}},"15":{"start":{"line":136,"column":16},"end":{"line":138,"column":null}},"16":{"start":{"line":137,"column":4},"end":{"line":137,"column":67}},"17":{"start":{"line":140,"column":16},"end":{"line":142,"column":null}},"18":{"start":{"line":141,"column":4},"end":{"line":141,"column":55}},"19":{"start":{"line":144,"column":16},"end":{"line":146,"column":null}},"20":{"start":{"line":145,"column":4},"end":{"line":145,"column":71}},"21":{"start":{"line":148,"column":16},"end":{"line":150,"column":null}},"22":{"start":{"line":149,"column":4},"end":{"line":149,"column":48}},"23":{"start":{"line":152,"column":16},"end":{"line":154,"column":null}},"24":{"start":{"line":153,"column":4},"end":{"line":153,"column":64}},"25":{"start":{"line":156,"column":16},"end":{"line":158,"column":null}},"26":{"start":{"line":157,"column":4},"end":{"line":157,"column":53}},"27":{"start":{"line":160,"column":16},"end":{"line":162,"column":null}},"28":{"start":{"line":161,"column":4},"end":{"line":161,"column":69}},"29":{"start":{"line":164,"column":16},"end":{"line":166,"column":null}},"30":{"start":{"line":165,"column":4},"end":{"line":165,"column":50}},"31":{"start":{"line":168,"column":16},"end":{"line":170,"column":null}},"32":{"start":{"line":169,"column":4},"end":{"line":169,"column":66}},"33":{"start":{"line":172,"column":16},"end":{"line":174,"column":null}},"34":{"start":{"line":173,"column":4},"end":{"line":173,"column":49}},"35":{"start":{"line":176,"column":16},"end":{"line":178,"column":null}},"36":{"start":{"line":177,"column":4},"end":{"line":177,"column":65}},"37":{"start":{"line":179,"column":0},"end":{"line":179,"column":null}},"38":{"start":{"line":107,"column":13},"end":{"line":107,"column":20}},"39":{"start":{"line":181,"column":42},"end":{"line":181,"column":null}},"40":{"start":{"line":182,"column":2},"end":{"line":188,"column":null}},"41":{"start":{"line":183,"column":4},"end":{"line":187,"column":6}},"42":{"start":{"line":189,"column":2},"end":{"line":191,"column":4}},"43":{"start":{"line":195,"column":2},"end":{"line":199,"column":null}},"44":{"start":{"line":196,"column":21},"end":{"line":196,"column":23}},"45":{"start":{"line":197,"column":4},"end":{"line":197,"column":77}},"46":{"start":{"line":197,"column":34},"end":{"line":197,"column":76}},"47":{"start":{"line":198,"column":4},"end":{"line":198,"column":23}},"48":{"start":{"line":200,"column":2},"end":{"line":200,"column":22}},"49":{"start":{"line":204,"column":2},"end":{"line":208,"column":null}},"50":{"start":{"line":205,"column":21},"end":{"line":205,"column":23}},"51":{"start":{"line":206,"column":4},"end":{"line":206,"column":77}},"52":{"start":{"line":206,"column":34},"end":{"line":206,"column":76}},"53":{"start":{"line":207,"column":4},"end":{"line":207,"column":23}},"54":{"start":{"line":209,"column":2},"end":{"line":209,"column":22}},"55":{"start":{"line":212,"column":54},"end":{"line":212,"column":null}},"56":{"start":{"line":214,"column":4},"end":{"line":214,"column":46}},"57":{"start":{"line":214,"column":35},"end":{"line":214,"column":46}},"58":{"start":{"line":215,"column":4},"end":{"line":215,"column":39}},"59":{"start":{"line":220,"column":14},"end":{"line":220,"column":25}},"60":{"start":{"line":221,"column":4},"end":{"line":226,"column":null}},"61":{"start":{"line":221,"column":17},"end":{"line":221,"column":18}},"62":{"start":{"line":222,"column":18},"end":{"line":222,"column":25}},"63":{"start":{"line":223,"column":6},"end":{"line":225,"column":20}},"64":{"start":{"line":224,"column":8},"end":{"line":224,"column":45}},"65":{"start":{"line":227,"column":4},"end":{"line":227,"column":35}},"66":{"start":{"line":231,"column":4},"end":{"line":231,"column":46}},"67":{"start":{"line":231,"column":35},"end":{"line":231,"column":46}},"68":{"start":{"line":232,"column":4},"end":{"line":232,"column":36}},"69":{"start":{"line":237,"column":4},"end":{"line":237,"column":63}},"70":{"start":{"line":237,"column":29},"end":{"line":237,"column":63}},"71":{"start":{"line":238,"column":4},"end":{"line":238,"column":55}},"72":{"start":{"line":238,"column":25},"end":{"line":238,"column":54}},"73":{"start":{"line":242,"column":4},"end":{"line":244,"column":null}},"74":{"start":{"line":243,"column":6},"end":{"line":243,"column":18}},"75":{"start":{"line":245,"column":14},"end":{"line":245,"column":27}},"76":{"start":{"line":246,"column":4},"end":{"line":248,"column":null}},"77":{"start":{"line":247,"column":6},"end":{"line":247,"column":39}},"78":{"start":{"line":249,"column":4},"end":{"line":249,"column":13}},"79":{"start":{"line":257,"column":4},"end":{"line":259,"column":null}},"80":{"start":{"line":258,"column":6},"end":{"line":258,"column":41}},"81":{"start":{"line":260,"column":24},"end":{"line":260,"column":26}},"82":{"start":{"line":261,"column":4},"end":{"line":267,"column":7}},"83":{"start":{"line":262,"column":19},"end":{"line":262,"column":29}},"84":{"start":{"line":263,"column":16},"end":{"line":265,"column":19}},"85":{"start":{"line":266,"column":6},"end":{"line":266,"column":68}},"86":{"start":{"line":268,"column":4},"end":{"line":272,"column":7}},"87":{"start":{"line":269,"column":6},"end":{"line":271,"column":null}},"88":{"start":{"line":270,"column":8},"end":{"line":270,"column":69}},"89":{"start":{"line":273,"column":4},"end":{"line":273,"column":18}},"90":{"start":{"line":276,"column":2},"end":{"line":276,"column":32}},"91":{"start":{"line":276,"column":21},"end":{"line":276,"column":32}},"92":{"start":{"line":277,"column":2},"end":{"line":280,"column":null}},"93":{"start":{"line":278,"column":4},"end":{"line":278,"column":33}},"94":{"start":{"line":278,"column":22},"end":{"line":278,"column":33}},"95":{"start":{"line":279,"column":4},"end":{"line":279,"column":34}},"96":{"start":{"line":281,"column":2},"end":{"line":281,"column":51}},"97":{"start":{"line":281,"column":21},"end":{"line":281,"column":51}},"98":{"start":{"line":282,"column":2},"end":{"line":284,"column":null}},"99":{"start":{"line":283,"column":4},"end":{"line":283,"column":27}},"100":{"start":{"line":285,"column":2},"end":{"line":285,"column":57}},"101":{"start":{"line":285,"column":26},"end":{"line":285,"column":57}},"102":{"start":{"line":286,"column":2},"end":{"line":294,"column":null}},"103":{"start":{"line":287,"column":4},"end":{"line":293,"column":31}},"104":{"start":{"line":296,"column":2},"end":{"line":296,"column":73}},"105":{"start":{"line":296,"column":47},"end":{"line":296,"column":73}},"106":{"start":{"line":297,"column":2},"end":{"line":297,"column":38}},"107":{"start":{"line":301,"column":2},"end":{"line":301,"column":44}},"108":{"start":{"line":305,"column":2},"end":{"line":305,"column":44}},"109":{"start":{"line":309,"column":2},"end":{"line":309,"column":29}},"110":{"start":{"line":312,"column":11},"end":{"line":312,"column":25}},"111":{"start":{"line":313,"column":2},"end":{"line":313,"column":32}},"112":{"start":{"line":317,"column":2},"end":{"line":317,"column":31}},"113":{"start":{"line":321,"column":2},"end":{"line":321,"column":35}},"114":{"start":{"line":325,"column":2},"end":{"line":325,"column":23}},"115":{"start":{"line":328,"column":21},"end":{"line":442,"column":2}}},"fnMap":{"0":{"name":"(anonymous_0)","decl":{"start":{"line":107,"column":0},"end":{"line":107,"column":13}},"loc":{"start":{"line":107,"column":0},"end":{"line":179,"column":null}}},"1":{"name":"(anonymous_2)","decl":{"start":{"line":108,"column":2},"end":{"line":108,"column":16}},"loc":{"start":{"line":108,"column":38},"end":{"line":110,"column":3}}},"2":{"name":"(anonymous_3)","decl":{"start":{"line":112,"column":2},"end":{"line":112,"column":16}},"loc":{"start":{"line":112,"column":44},"end":{"line":114,"column":3}}},"3":{"name":"(anonymous_4)","decl":{"start":{"line":116,"column":2},"end":{"line":116,"column":16}},"loc":{"start":{"line":116,"column":38},"end":{"line":118,"column":3}}},"4":{"name":"(anonymous_5)","decl":{"start":{"line":120,"column":2},"end":{"line":120,"column":16}},"loc":{"start":{"line":120,"column":44},"end":{"line":122,"column":3}}},"5":{"name":"(anonymous_6)","decl":{"start":{"line":124,"column":2},"end":{"line":124,"column":16}},"loc":{"start":{"line":124,"column":42},"end":{"line":126,"column":3}}},"6":{"name":"(anonymous_7)","decl":{"start":{"line":128,"column":2},"end":{"line":128,"column":16}},"loc":{"start":{"line":128,"column":52},"end":{"line":130,"column":3}}},"7":{"name":"(anonymous_8)","decl":{"start":{"line":132,"column":2},"end":{"line":132,"column":16}},"loc":{"start":{"line":132,"column":41},"end":{"line":134,"column":3}}},"8":{"name":"(anonymous_9)","decl":{"start":{"line":136,"column":2},"end":{"line":136,"column":16}},"loc":{"start":{"line":136,"column":50},"end":{"line":138,"column":3}}},"9":{"name":"(anonymous_10)","decl":{"start":{"line":140,"column":2},"end":{"line":140,"column":16}},"loc":{"start":{"line":140,"column":45},"end":{"line":142,"column":3}}},"10":{"name":"(anonymous_11)","decl":{"start":{"line":144,"column":2},"end":{"line":144,"column":16}},"loc":{"start":{"line":144,"column":58},"end":{"line":146,"column":3}}},"11":{"name":"(anonymous_12)","decl":{"start":{"line":148,"column":2},"end":{"line":148,"column":16}},"loc":{"start":{"line":148,"column":38},"end":{"line":150,"column":3}}},"12":{"name":"(anonymous_13)","decl":{"start":{"line":152,"column":2},"end":{"line":152,"column":16}},"loc":{"start":{"line":152,"column":44},"end":{"line":154,"column":3}}},"13":{"name":"(anonymous_14)","decl":{"start":{"line":156,"column":2},"end":{"line":156,"column":16}},"loc":{"start":{"line":156,"column":43},"end":{"line":158,"column":3}}},"14":{"name":"(anonymous_15)","decl":{"start":{"line":160,"column":2},"end":{"line":160,"column":16}},"loc":{"start":{"line":160,"column":54},"end":{"line":162,"column":3}}},"15":{"name":"(anonymous_16)","decl":{"start":{"line":164,"column":2},"end":{"line":164,"column":16}},"loc":{"start":{"line":164,"column":40},"end":{"line":166,"column":3}}},"16":{"name":"(anonymous_17)","decl":{"start":{"line":168,"column":2},"end":{"line":168,"column":16}},"loc":{"start":{"line":168,"column":48},"end":{"line":170,"column":3}}},"17":{"name":"(anonymous_18)","decl":{"start":{"line":172,"column":2},"end":{"line":172,"column":16}},"loc":{"start":{"line":172,"column":39},"end":{"line":174,"column":3}}},"18":{"name":"(anonymous_19)","decl":{"start":{"line":176,"column":2},"end":{"line":176,"column":16}},"loc":{"start":{"line":176,"column":46},"end":{"line":178,"column":3}}},"19":{"name":"invalidValue","decl":{"start":{"line":181,"column":9},"end":{"line":181,"column":21}},"loc":{"start":{"line":181,"column":55},"end":{"line":192,"column":1}}},"20":{"name":"jsonToJSProps","decl":{"start":{"line":194,"column":9},"end":{"line":194,"column":22}},"loc":{"start":{"line":194,"column":31},"end":{"line":201,"column":1}}},"21":{"name":"(anonymous_22)","decl":{"start":{"line":197,"column":22},"end":{"line":197,"column":23}},"loc":{"start":{"line":197,"column":29},"end":{"line":197,"column":35}}},"22":{"name":"jsToJSONProps","decl":{"start":{"line":203,"column":9},"end":{"line":203,"column":22}},"loc":{"start":{"line":203,"column":31},"end":{"line":210,"column":1}}},"23":{"name":"(anonymous_24)","decl":{"start":{"line":206,"column":22},"end":{"line":206,"column":23}},"loc":{"start":{"line":206,"column":29},"end":{"line":206,"column":35}}},"24":{"name":"transform","decl":{"start":{"line":212,"column":9},"end":{"line":212,"column":18}},"loc":{"start":{"line":212,"column":67},"end":{"line":298,"column":1}}},"25":{"name":"transformPrimitive","decl":{"start":{"line":213,"column":11},"end":{"line":213,"column":29}},"loc":{"start":{"line":213,"column":51},"end":{"line":216,"column":3}}},"26":{"name":"transformUnion","decl":{"start":{"line":218,"column":11},"end":{"line":218,"column":25}},"loc":{"start":{"line":218,"column":47},"end":{"line":228,"column":3}}},"27":{"name":"transformEnum","decl":{"start":{"line":230,"column":11},"end":{"line":230,"column":24}},"loc":{"start":{"line":230,"column":50},"end":{"line":233,"column":3}}},"28":{"name":"transformArray","decl":{"start":{"line":235,"column":11},"end":{"line":235,"column":25}},"loc":{"start":{"line":235,"column":44},"end":{"line":239,"column":3}}},"29":{"name":"(anonymous_30)","decl":{"start":{"line":238,"column":19},"end":{"line":238,"column":21}},"loc":{"start":{"line":238,"column":21},"end":{"line":238,"column":34}}},"30":{"name":"transformDate","decl":{"start":{"line":241,"column":11},"end":{"line":241,"column":24}},"loc":{"start":{"line":241,"column":33},"end":{"line":250,"column":3}}},"31":{"name":"transformObject","decl":{"start":{"line":252,"column":11},"end":{"line":252,"column":26}},"loc":{"start":{"line":255,"column":12},"end":{"line":274,"column":3}}},"32":{"name":"(anonymous_33)","decl":{"start":{"line":261,"column":46},"end":{"line":261,"column":49}},"loc":{"start":{"line":261,"column":49},"end":{"line":267,"column":5}}},"33":{"name":"(anonymous_34)","decl":{"start":{"line":268,"column":44},"end":{"line":268,"column":47}},"loc":{"start":{"line":268,"column":47},"end":{"line":272,"column":5}}},"34":{"name":"cast","decl":{"start":{"line":300,"column":9},"end":{"line":300,"column":13}},"loc":{"start":{"line":300,"column":35},"end":{"line":302,"column":1}}},"35":{"name":"uncast","decl":{"start":{"line":304,"column":9},"end":{"line":304,"column":15}},"loc":{"start":{"line":304,"column":35},"end":{"line":306,"column":1}}},"36":{"name":"a","decl":{"start":{"line":308,"column":9},"end":{"line":308,"column":10}},"loc":{"start":{"line":308,"column":19},"end":{"line":310,"column":1}}},"37":{"name":"u","decl":{"start":{"line":312,"column":9},"end":{"line":312,"column":10}},"loc":{"start":{"line":312,"column":10},"end":{"line":314,"column":1}}},"38":{"name":"o","decl":{"start":{"line":316,"column":9},"end":{"line":316,"column":10}},"loc":{"start":{"line":316,"column":40},"end":{"line":318,"column":1}}},"39":{"name":"m","decl":{"start":{"line":320,"column":9},"end":{"line":320,"column":10}},"loc":{"start":{"line":320,"column":26},"end":{"line":322,"column":1}}},"40":{"name":"r","decl":{"start":{"line":324,"column":9},"end":{"line":324,"column":10}},"loc":{"start":{"line":324,"column":23},"end":{"line":326,"column":1}}}},"branchMap":{"0":{"loc":{"start":{"line":181,"column":42},"end":{"line":181,"column":null}},"type":"if","locations":[{"start":{"line":181,"column":42},"end":{"line":181,"column":null}},{"start":{"line":181,"column":42},"end":{"line":181,"column":null}}]},"1":{"loc":{"start":{"line":182,"column":2},"end":{"line":188,"column":null}},"type":"if","locations":[{"start":{"line":182,"column":2},"end":{"line":188,"column":null}},{"start":{"line":182,"column":2},"end":{"line":188,"column":null}}]},"2":{"loc":{"start":{"line":195,"column":2},"end":{"line":199,"column":null}},"type":"if","locations":[{"start":{"line":195,"column":2},"end":{"line":199,"column":null}},{"start":{"line":195,"column":2},"end":{"line":199,"column":null}}]},"3":{"loc":{"start":{"line":204,"column":2},"end":{"line":208,"column":null}},"type":"if","locations":[{"start":{"line":204,"column":2},"end":{"line":208,"column":null}},{"start":{"line":204,"column":2},"end":{"line":208,"column":null}}]},"4":{"loc":{"start":{"line":212,"column":54},"end":{"line":212,"column":null}},"type":"if","locations":[{"start":{"line":212,"column":54},"end":{"line":212,"column":null}},{"start":{"line":212,"column":54},"end":{"line":212,"column":null}}]},"5":{"loc":{"start":{"line":214,"column":4},"end":{"line":214,"column":46}},"type":"if","locations":[{"start":{"line":214,"column":4},"end":{"line":214,"column":46}},{"start":{"line":214,"column":4},"end":{"line":214,"column":46}}]},"6":{"loc":{"start":{"line":231,"column":4},"end":{"line":231,"column":46}},"type":"if","locations":[{"start":{"line":231,"column":4},"end":{"line":231,"column":46}},{"start":{"line":231,"column":4},"end":{"line":231,"column":46}}]},"7":{"loc":{"start":{"line":237,"column":4},"end":{"line":237,"column":63}},"type":"if","locations":[{"start":{"line":237,"column":4},"end":{"line":237,"column":63}},{"start":{"line":237,"column":4},"end":{"line":237,"column":63}}]},"8":{"loc":{"start":{"line":242,"column":4},"end":{"line":244,"column":null}},"type":"if","locations":[{"start":{"line":242,"column":4},"end":{"line":244,"column":null}},{"start":{"line":242,"column":4},"end":{"line":244,"column":null}}]},"9":{"loc":{"start":{"line":246,"column":4},"end":{"line":248,"column":null}},"type":"if","locations":[{"start":{"line":246,"column":4},"end":{"line":248,"column":null}},{"start":{"line":246,"column":4},"end":{"line":248,"column":null}}]},"10":{"loc":{"start":{"line":257,"column":4},"end":{"line":259,"column":null}},"type":"if","locations":[{"start":{"line":257,"column":4},"end":{"line":259,"column":null}},{"start":{"line":257,"column":4},"end":{"line":259,"column":null}}]},"11":{"loc":{"start":{"line":257,"column":8},"end":{"line":257,"column":20}},"type":"binary-expr","locations":[{"start":{"line":257,"column":8},"end":{"line":257,"column":20}},{"start":{"line":257,"column":24},"end":{"line":257,"column":47}},{"start":{"line":257,"column":51},"end":{"line":257,"column":69}}]},"12":{"loc":{"start":{"line":264,"column":10},"end":{"line":264,"column":18}},"type":"cond-expr","locations":[{"start":{"line":264,"column":10},"end":{"line":264,"column":18}},{"start":{"line":265,"column":10},"end":{"line":265,"column":19}}]},"13":{"loc":{"start":{"line":269,"column":6},"end":{"line":271,"column":null}},"type":"if","locations":[{"start":{"line":269,"column":6},"end":{"line":271,"column":null}},{"start":{"line":269,"column":6},"end":{"line":271,"column":null}}]},"14":{"loc":{"start":{"line":276,"column":2},"end":{"line":276,"column":32}},"type":"if","locations":[{"start":{"line":276,"column":2},"end":{"line":276,"column":32}},{"start":{"line":276,"column":2},"end":{"line":276,"column":32}}]},"15":{"loc":{"start":{"line":277,"column":2},"end":{"line":280,"column":null}},"type":"if","locations":[{"start":{"line":277,"column":2},"end":{"line":280,"column":null}},{"start":{"line":277,"column":2},"end":{"line":280,"column":null}}]},"16":{"loc":{"start":{"line":278,"column":4},"end":{"line":278,"column":33}},"type":"if","locations":[{"start":{"line":278,"column":4},"end":{"line":278,"column":33}},{"start":{"line":278,"column":4},"end":{"line":278,"column":33}}]},"17":{"loc":{"start":{"line":281,"column":2},"end":{"line":281,"column":51}},"type":"if","locations":[{"start":{"line":281,"column":2},"end":{"line":281,"column":51}},{"start":{"line":281,"column":2},"end":{"line":281,"column":51}}]},"18":{"loc":{"start":{"line":282,"column":9},"end":{"line":282,"column":32}},"type":"binary-expr","locations":[{"start":{"line":282,"column":9},"end":{"line":282,"column":32}},{"start":{"line":282,"column":36},"end":{"line":282,"column":57}}]},"19":{"loc":{"start":{"line":285,"column":2},"end":{"line":285,"column":57}},"type":"if","locations":[{"start":{"line":285,"column":2},"end":{"line":285,"column":57}},{"start":{"line":285,"column":2},"end":{"line":285,"column":57}}]},"20":{"loc":{"start":{"line":286,"column":2},"end":{"line":294,"column":null}},"type":"if","locations":[{"start":{"line":286,"column":2},"end":{"line":294,"column":null}},{"start":{"line":286,"column":2},"end":{"line":294,"column":null}}]},"21":{"loc":{"start":{"line":288,"column":8},"end":{"line":288,"column":45}},"type":"cond-expr","locations":[{"start":{"line":288,"column":8},"end":{"line":288,"column":45}},{"start":{"line":289,"column":8},"end":{"line":293,"column":30}}]},"22":{"loc":{"start":{"line":290,"column":8},"end":{"line":290,"column":43}},"type":"cond-expr","locations":[{"start":{"line":290,"column":8},"end":{"line":290,"column":43}},{"start":{"line":291,"column":8},"end":{"line":293,"column":30}}]},"23":{"loc":{"start":{"line":292,"column":8},"end":{"line":292,"column":59}},"type":"cond-expr","locations":[{"start":{"line":292,"column":8},"end":{"line":292,"column":59}},{"start":{"line":293,"column":8},"end":{"line":293,"column":30}}]},"24":{"loc":{"start":{"line":296,"column":2},"end":{"line":296,"column":73}},"type":"if","locations":[{"start":{"line":296,"column":2},"end":{"line":296,"column":73}},{"start":{"line":296,"column":2},"end":{"line":296,"column":73}}]},"25":{"loc":{"start":{"line":296,"column":6},"end":{"line":296,"column":18}},"type":"binary-expr","locations":[{"start":{"line":296,"column":6},"end":{"line":296,"column":18}},{"start":{"line":296,"column":22},"end":{"line":296,"column":45}}]}},"s":{"0":2,"1":2,"2":0,"3":2,"4":0,"5":2,"6":1,"7":2,"8":1,"9":2,"10":0,"11":2,"12":0,"13":2,"14":0,"15":2,"16":0,"17":2,"18":0,"19":2,"20":0,"21":2,"22":0,"23":2,"24":0,"25":2,"26":0,"27":2,"28":0,"29":2,"30":0,"31":2,"32":0,"33":2,"34":0,"35":2,"36":0,"37":2,"38":2,"39":2,"40":2,"41":0,"42":2,"43":2,"44":2,"45":2,"46":5,"47":2,"48":2,"49":2,"50":2,"51":2,"52":5,"53":2,"54":2,"55":30,"56":10,"57":8,"58":2,"59":6,"60":6,"61":6,"62":8,"63":8,"64":8,"65":0,"66":0,"67":0,"68":0,"69":0,"70":0,"71":0,"72":0,"73":0,"74":0,"75":0,"76":0,"77":0,"78":0,"79":4,"80":0,"81":4,"82":4,"83":10,"84":10,"85":10,"86":4,"87":6,"88":0,"89":4,"90":20,"91":0,"92":20,"93":0,"94":0,"95":0,"96":20,"97":0,"98":20,"99":4,"100":20,"101":0,"102":20,"103":10,"104":10,"105":0,"106":10,"107":1,"108":1,"109":6,"110":240,"111":60,"112":26,"113":10,"114":18,"115":2},"f":{"0":2,"1":0,"2":0,"3":1,"4":1,"5":0,"6":0,"7":0,"8":0,"9":0,"10":0,"11":0,"12":0,"13":0,"14":0,"15":0,"16":0,"17":0,"18":0,"19":2,"20":2,"21":5,"22":2,"23":5,"24":20,"25":10,"26":6,"27":0,"28":0,"29":0,"30":0,"31":4,"32":10,"33":6,"34":1,"35":1,"36":6,"37":60,"38":26,"39":10,"40":18},"b":{"0":[0,2],"1":[0,2],"2":[2,0],"3":[2,0],"4":[10,10],"5":[8,2],"6":[0,0],"7":[0,0],"8":[0,0],"9":[0,0],"10":[0,4],"11":[4,4,4],"12":[6,4],"13":[0,6],"14":[0,20],"15":[0,20],"16":[0,0],"17":[0,20],"18":[24,14],"19":[0,20],"20":[10,10],"21":[6,4],"22":[0,4],"23":[4,0],"24":[0,10],"25":[10,0]}}
,"/home/matt/dev/fdc3/fdc3/src/intents/Intents.ts": {"path":"/home/matt/dev/fdc3/fdc3/src/intents/Intents.ts","statementMap":{"0":{"start":{"line":1,"column":0},"end":{"line":1,"column":null}},"1":{"start":{"line":2,"column":2},"end":{"line":2,"column":null}},"2":{"start":{"line":3,"column":2},"end":{"line":3,"column":null}},"3":{"start":{"line":4,"column":2},"end":{"line":4,"column":null}},"4":{"start":{"line":5,"column":2},"end":{"line":5,"column":null}},"5":{"start":{"line":6,"column":2},"end":{"line":6,"column":null}},"6":{"start":{"line":7,"column":2},"end":{"line":7,"column":null}},"7":{"start":{"line":8,"column":2},"end":{"line":8,"column":null}},"8":{"start":{"line":9,"column":2},"end":{"line":9,"column":null}}},"fnMap":{"0":{"name":"(anonymous_0)","decl":{"start":{"line":1,"column":0},"end":{"line":1,"column":12}},"loc":{"start":{"line":1,"column":19},"end":{"line":10,"column":1}}}},"branchMap":{"0":{"loc":{"start":{"line":1,"column":12},"end":{"line":1,"column":19}},"type":"binary-expr","locations":[{"start":{"line":1,"column":12},"end":{"line":1,"column":19}},{"start":{"line":1,"column":12},"end":{"line":1,"column":null}}]}},"s":{"0":2,"1":2,"2":2,"3":2,"4":2,"5":2,"6":2,"7":2,"8":2},"f":{"0":2},"b":{"0":[2,2]}}
}
