TN:
SF:src/index.ts
FNF:0
FNH:0
DA:8,2
DA:9,2
DA:10,2
DA:11,2
DA:12,2
DA:13,2
DA:14,2
DA:15,2
DA:16,2
DA:17,2
DA:18,2
DA:19,2
DA:20,2
DA:21,2
LF:14
LH:14
BRF:0
BRH:0
end_of_record
TN:
SF:src/methods.ts
FN:10,(anonymous_0)
FN:20,(anonymous_1)
FN:26,(anonymous_2)
FN:30,(anonymous_3)
FN:38,(anonymous_4)
FN:45,(anonymous_5)
FN:52,(anonymous_6)
FN:60,(anonymous_7)
FN:64,(anonymous_8)
FN:70,(anonymous_9)
FN:74,(anonymous_10)
FNF:11
FNH:11
FNDA:1,(anonymous_0)
FNDA:1,(anonymous_1)
FNDA:1,(anonymous_2)
FNDA:1,(anonymous_3)
FNDA:1,(anonymous_4)
FNDA:1,(anonymous_5)
FNDA:2,(anonymous_6)
FNDA:1,(anonymous_7)
FNDA:1,(anonymous_8)
FNDA:1,(anonymous_9)
FNDA:1,(anonymous_10)
DA:10,2
DA:14,1
DA:17,2
DA:21,1
DA:24,2
DA:27,1
DA:30,2
DA:31,1
DA:34,2
DA:39,1
DA:42,2
DA:46,1
DA:49,2
DA:53,2
DA:54,1
DA:56,1
DA:60,2
DA:61,1
DA:64,2
DA:65,1
DA:68,2
DA:71,1
DA:74,2
DA:75,1
LF:24
LH:24
BRDA:53,0,0,1
BRDA:53,0,1,1
BRF:2
BRH:2
end_of_record
TN:
SF:src/api/Errors.ts
FN:6,(anonymous_0)
FN:13,(anonymous_1)
FN:19,(anonymous_2)
FNF:3
FNH:3
FNDA:2,(anonymous_0)
FNDA:2,(anonymous_1)
FNDA:2,(anonymous_2)
DA:6,2
DA:7,2
DA:8,2
DA:9,2
DA:10,2
DA:13,2
DA:14,2
DA:15,2
DA:16,2
DA:19,2
DA:20,2
DA:21,2
DA:22,2
LF:13
LH:13
BRDA:6,0,0,2
BRDA:6,0,1,2
BRDA:13,1,0,2
BRDA:13,1,1,2
BRDA:19,2,0,2
BRDA:19,2,1,2
BRF:6
BRH:6
end_of_record
TN:
SF:src/context/ContextType.ts
FN:1,(anonymous_0)
FNF:1
FNH:1
FNDA:2,(anonymous_0)
DA:1,2
DA:2,2
DA:3,2
DA:4,2
DA:5,2
DA:6,2
DA:7,2
DA:8,2
LF:8
LH:8
BRDA:1,0,0,2
BRDA:1,0,1,2
BRF:2
BRH:2
end_of_record
TN:
SF:src/context/ContextTypes.ts
FN:107,(anonymous_0)
FN:108,(anonymous_2)
FN:112,(anonymous_3)
FN:116,(anonymous_4)
FN:120,(anonymous_5)
FN:124,(anonymous_6)
FN:128,(anonymous_7)
FN:132,(anonymous_8)
FN:136,(anonymous_9)
FN:140,(anonymous_10)
FN:144,(anonymous_11)
FN:148,(anonymous_12)
FN:152,(anonymous_13)
FN:156,(anonymous_14)
FN:160,(anonymous_15)
FN:164,(anonymous_16)
FN:168,(anonymous_17)
FN:172,(anonymous_18)
FN:176,(anonymous_19)
FN:181,invalidValue
FN:194,jsonToJSProps
FN:197,(anonymous_22)
FN:203,jsToJSONProps
FN:206,(anonymous_24)
FN:212,transform
FN:213,transformPrimitive
FN:218,transformUnion
FN:230,transformEnum
FN:235,transformArray
FN:238,(anonymous_30)
FN:241,transformDate
FN:252,transformObject
FN:261,(anonymous_33)
FN:268,(anonymous_34)
FN:300,cast
FN:304,uncast
FN:308,a
FN:312,u
FN:316,o
FN:320,m
FN:324,r
FNF:41
FNH:21
FNDA:2,(anonymous_0)
FNDA:0,(anonymous_2)
FNDA:0,(anonymous_3)
FNDA:1,(anonymous_4)
FNDA:1,(anonymous_5)
FNDA:0,(anonymous_6)
FNDA:0,(anonymous_7)
FNDA:0,(anonymous_8)
FNDA:0,(anonymous_9)
FNDA:0,(anonymous_10)
FNDA:0,(anonymous_11)
FNDA:0,(anonymous_12)
FNDA:0,(anonymous_13)
FNDA:0,(anonymous_14)
FNDA:0,(anonymous_15)
FNDA:0,(anonymous_16)
FNDA:0,(anonymous_17)
FNDA:0,(anonymous_18)
FNDA:0,(anonymous_19)
FNDA:2,invalidValue
FNDA:2,jsonToJSProps
FNDA:5,(anonymous_22)
FNDA:2,jsToJSONProps
FNDA:5,(anonymous_24)
FNDA:20,transform
FNDA:10,transformPrimitive
FNDA:6,transformUnion
FNDA:0,transformEnum
FNDA:0,transformArray
FNDA:0,(anonymous_30)
FNDA:0,transformDate
FNDA:4,transformObject
FNDA:10,(anonymous_33)
FNDA:6,(anonymous_34)
FNDA:1,cast
FNDA:1,uncast
FNDA:6,a
FNDA:60,u
FNDA:26,o
FNDA:10,m
FNDA:18,r
DA:107,2
DA:108,2
DA:109,0
DA:112,2
DA:113,0
DA:116,2
DA:117,1
DA:120,2
DA:121,1
DA:124,2
DA:125,0
DA:128,2
DA:129,0
DA:132,2
DA:133,0
DA:136,2
DA:137,0
DA:140,2
DA:141,0
DA:144,2
DA:145,0
DA:148,2
DA:149,0
DA:152,2
DA:153,0
DA:156,2
DA:157,0
DA:160,2
DA:161,0
DA:164,2
DA:165,0
DA:168,2
DA:169,0
DA:172,2
DA:173,0
DA:176,2
DA:177,0
DA:179,2
DA:181,2
DA:182,2
DA:183,0
DA:189,2
DA:195,2
DA:196,2
DA:197,5
DA:198,2
DA:200,2
DA:204,2
DA:205,2
DA:206,5
DA:207,2
DA:209,2
DA:212,30
DA:214,10
DA:215,2
DA:220,6
DA:221,6
DA:222,8
DA:223,8
DA:224,8
DA:227,0
DA:231,0
DA:232,0
DA:237,0
DA:238,0
DA:242,0
DA:243,0
DA:245,0
DA:246,0
DA:247,0
DA:249,0
DA:257,4
DA:258,0
DA:260,4
DA:261,4
DA:262,10
DA:263,10
DA:266,10
DA:268,4
DA:269,6
DA:270,0
DA:273,4
DA:276,20
DA:277,20
DA:278,0
DA:279,0
DA:281,20
DA:282,20
DA:283,4
DA:285,20
DA:286,20
DA:287,10
DA:296,10
DA:297,10
DA:301,1
DA:305,1
DA:309,6
DA:312,240
DA:313,60
DA:317,26
DA:321,10
DA:325,18
DA:328,2
LF:103
LH:71
BRDA:181,0,0,0
BRDA:181,0,1,2
BRDA:182,1,0,0
BRDA:182,1,1,2
BRDA:195,2,0,2
BRDA:195,2,1,0
BRDA:204,3,0,2
BRDA:204,3,1,0
BRDA:212,4,0,10
BRDA:212,4,1,10
BRDA:214,5,0,8
BRDA:214,5,1,2
BRDA:231,6,0,0
BRDA:231,6,1,0
BRDA:237,7,0,0
BRDA:237,7,1,0
BRDA:242,8,0,0
BRDA:242,8,1,0
BRDA:246,9,0,0
BRDA:246,9,1,0
BRDA:257,10,0,0
BRDA:257,10,1,4
BRDA:257,11,0,4
BRDA:257,11,1,4
BRDA:257,11,2,4
BRDA:264,12,0,6
BRDA:264,12,1,4
BRDA:269,13,0,0
BRDA:269,13,1,6
BRDA:276,14,0,0
BRDA:276,14,1,20
BRDA:277,15,0,0
BRDA:277,15,1,20
BRDA:278,16,0,0
BRDA:278,16,1,0
BRDA:281,17,0,0
BRDA:281,17,1,20
BRDA:282,18,0,24
BRDA:282,18,1,14
BRDA:285,19,0,0
BRDA:285,19,1,20
BRDA:286,20,0,10
BRDA:286,20,1,10
BRDA:288,21,0,6
BRDA:288,21,1,4
BRDA:290,22,0,0
BRDA:290,22,1,4
BRDA:292,23,0,4
BRDA:292,23,1,0
BRDA:296,24,0,0
BRDA:296,24,1,10
BRDA:296,25,0,10
BRDA:296,25,1,0
BRF:53
BRH:29
end_of_record
TN:
SF:src/intents/Intents.ts
FN:1,(anonymous_0)
FNF:1
FNH:1
FNDA:2,(anonymous_0)
DA:1,2
DA:2,2
DA:3,2
DA:4,2
DA:5,2
DA:6,2
DA:7,2
DA:8,2
DA:9,2
LF:9
LH:9
BRDA:1,0,0,2
BRDA:1,0,1,2
BRF:2
BRH:2
end_of_record
